<?xml version="1.0" encoding="UTF-8"?>
<!-- Generated by org.testng.reporters.JUnitXMLReporter -->
<testsuite hostname="UY-IT00680" ignored="0" name="Default test" tests="2" failures="0" timestamp="05 mar 2021 19:43:58 GMT" time="3.221" errors="0">
  <testcase name="@BeforeMethod setUp" time="2.596" classname="acamicaTests.BaseTest">
    <failure type="org.openqa.selenium.SessionNotCreatedException" message="session not created: This version of ChromeDriver only supports Chrome version 87
Current browser version is 89.0.4389.72 with binary path C:\Program Files (x86)\Google\Chrome\Application\chrome.exe
Build info: version: &amp;apos;3.141.59&amp;apos;, revision: &amp;apos;e82be7d358&amp;apos;, time: &amp;apos;2018-11-14T08:17:03&amp;apos;
System info: host: &amp;apos;UY-IT00680&amp;apos;, ip: &amp;apos;192.168.1.42&amp;apos;, os.name: &amp;apos;Windows 10&amp;apos;, os.arch: &amp;apos;amd64&amp;apos;, os.version: &amp;apos;10.0&amp;apos;, java.version: &amp;apos;1.8.0_281&amp;apos;
Driver info: driver.version: ChromeDriver
remote stacktrace: Backtrace:
	Ordinal0 [0x00D0C0C3+3326147]
	Ordinal0 [0x00BF0851+2164817]
	Ordinal0 [0x00A77298+619160]
	Ordinal0 [0x009F1D92+73106]
	Ordinal0 [0x009EE119+57625]
	Ordinal0 [0x009EC38A+50058]
	Ordinal0 [0x00A15F3E+220990]
	Ordinal0 [0x00A15CAC+220332]
	Ordinal0 [0x00A1189B+202907]
	Ordinal0 [0x009F3DF4+81396]
	Ordinal0 [0x009F4DEE+85486]
	Ordinal0 [0x009F4D79+85369]
	Ordinal0 [0x00C085DC+2262492]
	GetHandleVerifier [0x00E92874+1487204]
	GetHandleVerifier [0x00E923CD+1486013]
	GetHandleVerifier [0x00E9A368+1518680]
	GetHandleVerifier [0x00E92F4E+1488958]
	Ordinal0 [0x00BFED0D+2223373]
	Ordinal0 [0x00C0A12B+2269483]
	Ordinal0 [0x00C0A26F+2269807]
	Ordinal0 [0x00C1ECB8+2354360]
	BaseThreadInitThunk [0x7572FA29+25]
	RtlGetAppContainerNamedObjectPath [0x777F75F4+228]
	RtlGetAppContainerNamedObjectPath [0x777F75C4+180]
">
      <![CDATA[org.openqa.selenium.SessionNotCreatedException: session not created: This version of ChromeDriver only supports Chrome version 87
Current browser version is 89.0.4389.72 with binary path C:\Program Files (x86)\Google\Chrome\Application\chrome.exe
Build info: version: '3.141.59', revision: 'e82be7d358', time: '2018-11-14T08:17:03'
System info: host: 'UY-IT00680', ip: '192.168.1.42', os.name: 'Windows 10', os.arch: 'amd64', os.version: '10.0', java.version: '1.8.0_281'
Driver info: driver.version: ChromeDriver
remote stacktrace: Backtrace:
Ordinal0 [0x00D0C0C3+3326147]
Ordinal0 [0x00BF0851+2164817]
Ordinal0 [0x00A77298+619160]
Ordinal0 [0x009F1D92+73106]
Ordinal0 [0x009EE119+57625]
Ordinal0 [0x009EC38A+50058]
Ordinal0 [0x00A15F3E+220990]
Ordinal0 [0x00A15CAC+220332]
Ordinal0 [0x00A1189B+202907]
Ordinal0 [0x009F3DF4+81396]
Ordinal0 [0x009F4DEE+85486]
Ordinal0 [0x009F4D79+85369]
Ordinal0 [0x00C085DC+2262492]
GetHandleVerifier [0x00E92874+1487204]
GetHandleVerifier [0x00E923CD+1486013]
GetHandleVerifier [0x00E9A368+1518680]
GetHandleVerifier [0x00E92F4E+1488958]
Ordinal0 [0x00BFED0D+2223373]
Ordinal0 [0x00C0A12B+2269483]
Ordinal0 [0x00C0A26F+2269807]
Ordinal0 [0x00C1ECB8+2354360]
BaseThreadInitThunk [0x7572FA29+25]
RtlGetAppContainerNamedObjectPath [0x777F75F4+228]
RtlGetAppContainerNamedObjectPath [0x777F75C4+180]

at sun.reflect.NativeConstructorAccessorImpl.newInstance0(Native Method)
at sun.reflect.NativeConstructorAccessorImpl.newInstance(Unknown Source)
at sun.reflect.DelegatingConstructorAccessorImpl.newInstance(Unknown Source)
at java.lang.reflect.Constructor.newInstance(Unknown Source)
at org.openqa.selenium.remote.W3CHandshakeResponse.lambda$errorHandler$0(W3CHandshakeResponse.java:62)
at org.openqa.selenium.remote.HandshakeResponse.lambda$getResponseFunction$0(HandshakeResponse.java:30)
at org.openqa.selenium.remote.ProtocolHandshake.lambda$createSession$0(ProtocolHandshake.java:126)
at java.util.stream.ReferencePipeline$3$1.accept(Unknown Source)
at java.util.Spliterators$ArraySpliterator.tryAdvance(Unknown Source)
at java.util.stream.ReferencePipeline.forEachWithCancel(Unknown Source)
at java.util.stream.AbstractPipeline.copyIntoWithCancel(Unknown Source)
at java.util.stream.AbstractPipeline.copyInto(Unknown Source)
at java.util.stream.AbstractPipeline.wrapAndCopyInto(Unknown Source)
at java.util.stream.FindOps$FindOp.evaluateSequential(Unknown Source)
at java.util.stream.AbstractPipeline.evaluate(Unknown Source)
at java.util.stream.ReferencePipeline.findFirst(Unknown Source)
at org.openqa.selenium.remote.ProtocolHandshake.createSession(ProtocolHandshake.java:128)
at org.openqa.selenium.remote.ProtocolHandshake.createSession(ProtocolHandshake.java:74)
at org.openqa.selenium.remote.HttpCommandExecutor.execute(HttpCommandExecutor.java:136)
at org.openqa.selenium.remote.service.DriverCommandExecutor.execute(DriverCommandExecutor.java:83)
at org.openqa.selenium.remote.RemoteWebDriver.execute(RemoteWebDriver.java:552)
at org.openqa.selenium.remote.RemoteWebDriver.startSession(RemoteWebDriver.java:213)
at org.openqa.selenium.remote.RemoteWebDriver.<init>(RemoteWebDriver.java:131)
at org.openqa.selenium.chrome.ChromeDriver.<init>(ChromeDriver.java:181)
at org.openqa.selenium.chrome.ChromeDriver.<init>(ChromeDriver.java:168)
at org.openqa.selenium.chrome.ChromeDriver.<init>(ChromeDriver.java:123)
at utilities.BrowserFactory.starBrowser(BrowserFactory.java:20)
at acamicaTests.BaseTest.setUp(BaseTest.java:26)
at sun.reflect.NativeMethodAccessorImpl.invoke0(Native Method)
at sun.reflect.NativeMethodAccessorImpl.invoke(Unknown Source)
at sun.reflect.DelegatingMethodAccessorImpl.invoke(Unknown Source)
at java.lang.reflect.Method.invoke(Unknown Source)
at org.testng.internal.MethodInvocationHelper.invokeMethod(MethodInvocationHelper.java:124)
at org.testng.internal.MethodInvocationHelper.invokeMethodConsideringTimeout(MethodInvocationHelper.java:59)
at org.testng.internal.Invoker.invokeConfigurationMethod(Invoker.java:458)
at org.testng.internal.Invoker.invokeConfigurations(Invoker.java:222)
at org.testng.internal.Invoker.invokeMethod(Invoker.java:523)
at org.testng.internal.Invoker.invokeTestMethod(Invoker.java:719)
at org.testng.internal.Invoker.invokeTestMethods(Invoker.java:989)
at org.testng.internal.TestMethodWorker.invokeTestMethods(TestMethodWorker.java:125)
at org.testng.internal.TestMethodWorker.run(TestMethodWorker.java:109)
at org.testng.TestRunner.privateRun(TestRunner.java:648)
at org.testng.TestRunner.run(TestRunner.java:505)
at org.testng.SuiteRunner.runTest(SuiteRunner.java:455)
at org.testng.SuiteRunner.runSequentially(SuiteRunner.java:450)
at org.testng.SuiteRunner.privateRun(SuiteRunner.java:415)
at org.testng.SuiteRunner.run(SuiteRunner.java:364)
at org.testng.SuiteRunnerWorker.runSuite(SuiteRunnerWorker.java:52)
at org.testng.SuiteRunnerWorker.run(SuiteRunnerWorker.java:84)
at org.testng.TestNG.runSuitesSequentially(TestNG.java:1208)
at org.testng.TestNG.runSuitesLocally(TestNG.java:1137)
at org.testng.TestNG.runSuites(TestNG.java:1049)
at org.testng.TestNG.run(TestNG.java:1017)
at org.testng.remote.AbstractRemoteTestNG.run(AbstractRemoteTestNG.java:115)
at org.testng.remote.RemoteTestNG.initAndRun(RemoteTestNG.java:251)
at org.testng.remote.RemoteTestNG.main(RemoteTestNG.java:77)
]]>
    </failure>
  </testcase> <!-- @BeforeMethod setUp -->
  <testcase name="@AfterMethod tearDown" time="0.0" classname="acamicaTests.BaseTest">
    <skipped/>
  </testcase> <!-- @AfterMethod tearDown -->
  <testcase name="@BeforeMethod setUp" time="0.0" classname="acamicaTests.BaseTest">
    <skipped/>
  </testcase> <!-- @BeforeMethod setUp -->
  <testcase name="@AfterMethod tearDown" time="0.0" classname="acamicaTests.BaseTest">
    <skipped/>
  </testcase> <!-- @AfterMethod tearDown -->
  <testcase name="Exercise2" time="0.0" classname="acamicaTests.Test2">
    <skipped/>
  </testcase> <!-- Exercise2 -->
  <testcase name="Exercise2" time="0.0" classname="acamicaTests.Test2">
    <skipped/>
  </testcase> <!-- Exercise2 -->
</testsuite> <!-- Default test -->
